# JRE version: OpenJDK Runtime Environment Microsoft-9388408 (17.0.11+9) (build 17.0.11+9-LTS)
# Java VM: OpenJDK 64-Bit Server VM Microsoft-9388408 (17.0.11+9-LTS, mixed mode, emulated-client, sharing, tiered, compressed oops, compressed class ptrs, g1 gc, windows-amd64)
GC Precious Log:
 CPUs: 8 total, 8 available
 Memory: 16149M
 Large Page Support: Disabled
 NUMA Support: Disabled
 Compressed Oops: Enabled (Zero based)
 Heap Region Size: 2M
 Heap Min Capacity: 8M
 Heap Initial Capacity: 254M
 Heap Max Capacity: 4038M
 Pre-touch: Disabled
 Parallel Workers: 8
 Concurrent Workers: 2
 Concurrent Refinement Workers: 8
 Periodic GC: Disabled
Heap:
 garbage-first heap   total 83968K, used 43744K [0x0000000703a00000, 0x0000000800000000)
  region size 2048K, 7 young (14336K), 1 survivors (2048K)
 Metaspace       used 73116K, committed 73792K, reserved 1114112K
  class space    used 10691K, committed 11008K, reserved 1048576K
GC Heap History (20 events):
Event: 2516.597 GC heap before
{Heap before GC invocations=59 (full 5):
 garbage-first heap   total 83968K, used 54672K [0x0000000703a00000, 0x0000000800000000)
  region size 2048K, 13 young (26624K), 2 survivors (4096K)
 Metaspace       used 73035K, committed 73728K, reserved 1114112K
  class space    used 10674K, committed 11008K, reserved 1048576K
}
Event: 2516.602 GC heap after
{Heap after GC invocations=60 (full 5):
 garbage-first heap   total 83968K, used 35363K [0x0000000703a00000, 0x0000000800000000)
  region size 2048K, 1 young (2048K), 1 survivors (2048K)
 Metaspace       used 73035K, committed 73728K, reserved 1114112K
  class space    used 10674K, committed 11008K, reserved 1048576K
}
Event: 3502.360 GC heap before
{Heap before GC invocations=61 (full 5):
 garbage-first heap   total 83968K, used 57891K [0x0000000703a00000, 0x0000000800000000)
  region size 2048K, 12 young (24576K), 1 survivors (2048K)
 Metaspace       used 73000K, committed 73728K, reserved 1114112K
  class space    used 10668K, committed 11008K, reserved 1048576K
}
Event: 3502.367 GC heap after
{Heap after GC invocations=62 (full 5):
 garbage-first heap   total 83968K, used 35583K [0x0000000703a00000, 0x0000000800000000)
  region size 2048K, 1 young (2048K), 1 survivors (2048K)
 Metaspace       used 73000K, committed 73728K, reserved 1114112K
  class space    used 10668K, committed 11008K, reserved 1048576K
}
Event: 3615.899 GC heap before
{Heap before GC invocations=62 (full 5):
 garbage-first heap   total 83968K, used 37631K [0x0000000703a00000, 0x0000000800000000)
  region size 2048K, 2 young (4096K), 1 survivors (2048K)
 Metaspace       used 73000K, committed 73728K, reserved 1114112K
  class space    used 10668K, committed 11008K, reserved 1048576K
}
Event: 3615.903 GC heap after
{Heap after GC invocations=63 (full 5):
 garbage-first heap   total 83968K, used 33872K [0x0000000703a00000, 0x0000000800000000)
  region size 2048K, 1 young (2048K), 1 survivors (2048K)
 Metaspace       used 73000K, committed 73728K, reserved 1114112K
  class space    used 10668K, committed 11008K, reserved 1048576K
}
Event: 32280.961 GC heap before
{Heap before GC invocations=63 (full 5):
 garbage-first heap   total 83968K, used 62544K [0x0000000703a00000, 0x0000000800000000)
  region size 2048K, 15 young (30720K), 1 survivors (2048K)
 Metaspace       used 73107K, committed 73792K, reserved 1114112K
  class space    used 10691K, committed 11008K, reserved 1048576K
}
Event: 32280.963 GC heap after
{Heap after GC invocations=64 (full 5):
 garbage-first heap   total 83968K, used 33826K [0x0000000703a00000, 0x0000000800000000)
  region size 2048K, 1 young (2048K), 1 survivors (2048K)
 Metaspace       used 73107K, committed 73792K, reserved 1114112K
  class space    used 10691K, committed 11008K, reserved 1048576K
}
Event: 33783.274 GC heap before
{Heap before GC invocations=64 (full 5):
 garbage-first heap   total 83968K, used 64546K [0x0000000703a00000, 0x0000000800000000)
  region size 2048K, 16 young (32768K), 1 survivors (2048K)
 Metaspace       used 73113K, committed 73792K, reserved 1114112K
  class space    used 10692K, committed 11008K, reserved 1048576K
}
Event: 33783.282 GC heap after
{Heap after GC invocations=65 (full 5):
 garbage-first heap   total 83968K, used 34075K [0x0000000703a00000, 0x0000000800000000)
  region size 2048K, 1 young (2048K), 1 survivors (2048K)
 Metaspace       used 73113K, committed 73792K, reserved 1114112K
  class space    used 10692K, committed 11008K, reserved 1048576K
}
Event: 35225.219 GC heap before
{Heap before GC invocations=66 (full 5):
 garbage-first heap   total 83968K, used 64795K [0x0000000703a00000, 0x0000000800000000)
  region size 2048K, 16 young (32768K), 1 survivors (2048K)
 Metaspace       used 73099K, committed 73792K, reserved 1114112K
  class space    used 10688K, committed 11008K, reserved 1048576K
}
Event: 35225.224 GC heap after
{Heap after GC invocations=67 (full 5):
 garbage-first heap   total 83968K, used 34166K [0x0000000703a00000, 0x0000000800000000)
  region size 2048K, 1 young (2048K), 1 survivors (2048K)
 Metaspace       used 73099K, committed 73792K, reserved 1114112K
  class space    used 10688K, committed 11008K, reserved 1048576K
}
Event: 35338.106 GC heap before
{Heap before GC invocations=67 (full 5):
 garbage-first heap   total 83968K, used 36214K [0x0000000703a00000, 0x0000000800000000)
  region size 2048K, 2 young (4096K), 1 survivors (2048K)
 Metaspace       used 73099K, committed 73792K, reserved 1114112K
  class space    used 10688K, committed 11008K, reserved 1048576K
}
Event: 35338.115 GC heap after
{Heap after GC invocations=68 (full 5):
 garbage-first heap   total 83968K, used 33162K [0x0000000703a00000, 0x0000000800000000)
  region size 2048K, 1 young (2048K), 1 survivors (2048K)
 Metaspace       used 73099K, committed 73792K, reserved 1114112K
  class space    used 10688K, committed 11008K, reserved 1048576K
}
Event: 66298.945 GC heap before
{Heap before GC invocations=68 (full 5):
 garbage-first heap   total 83968K, used 65930K [0x0000000703a00000, 0x0000000800000000)
  region size 2048K, 17 young (34816K), 1 survivors (2048K)
 Metaspace       used 73112K, committed 73792K, reserved 1114112K
  class space    used 10690K, committed 11008K, reserved 1048576K
}
Event: 66298.956 GC heap after
{Heap after GC invocations=69 (full 5):
 garbage-first heap   total 83968K, used 33627K [0x0000000703a00000, 0x0000000800000000)
  region size 2048K, 1 young (2048K), 1 survivors (2048K)
 Metaspace       used 73112K, committed 73792K, reserved 1114112K
  class space    used 10690K, committed 11008K, reserved 1048576K
}
Event: 67952.809 GC heap before
{Heap before GC invocations=70 (full 5):
 garbage-first heap   total 83968K, used 66395K [0x0000000703a00000, 0x0000000800000000)
  region size 2048K, 17 young (34816K), 1 survivors (2048K)
 Metaspace       used 73112K, committed 73792K, reserved 1114112K
  class space    used 10690K, committed 11008K, reserved 1048576K
}
Event: 67952.812 GC heap after
{Heap after GC invocations=71 (full 5):
 garbage-first heap   total 83968K, used 33644K [0x0000000703a00000, 0x0000000800000000)
  region size 2048K, 1 young (2048K), 1 survivors (2048K)
 Metaspace       used 73112K, committed 73792K, reserved 1114112K
  class space    used 10690K, committed 11008K, reserved 1048576K
}
Event: 69617.301 GC heap before
{Heap before GC invocations=71 (full 5):
 garbage-first heap   total 83968K, used 68460K [0x0000000703a00000, 0x0000000800000000)
  region size 2048K, 18 young (36864K), 1 survivors (2048K)
 Metaspace       used 73112K, committed 73792K, reserved 1114112K
  class space    used 10691K, committed 11008K, reserved 1048576K
}
Event: 69617.321 GC heap after
{Heap after GC invocations=72 (full 5):
 garbage-first heap   total 83968K, used 33504K [0x0000000703a00000, 0x0000000800000000)
  region size 2048K, 1 young (2048K), 1 survivors (2048K)
 Metaspace       used 73112K, committed 73792K, reserved 1114112K
  class space    used 10691K, committed 11008K, reserved 1048576K
}

